<?xml version="1.0" encoding="UTF-8"?>
<robot generator="Robot 6.1.1 (Python 3.13.2 on win32)" generated="20250416 11:44:52.703" rpa="false" schemaversion="4">
<suite id="s1" name="Robotframework" source="E:\ERP\dev\CursorAI2\myautodev\src\test\robotframework">
<suite id="s1-s1" name="Employee Tests" source="E:\ERP\dev\CursorAI2\myautodev\src\test\robotframework\employee_tests.robot">
<kw name="Setup Test Suite" type="SETUP">
<kw name="Set Selenium Timeout" library="SeleniumLibrary">
<arg>30 seconds</arg>
<doc>Sets the timeout that is used by various keywords.</doc>
<status status="PASS" starttime="20250416 11:44:54.005" endtime="20250416 11:44:54.006"/>
</kw>
<kw name="Set Selenium Speed" library="SeleniumLibrary">
<arg>0.2 seconds</arg>
<doc>Sets the delay that is waited after each Selenium command.</doc>
<status status="PASS" starttime="20250416 11:44:54.006" endtime="20250416 11:44:54.006"/>
</kw>
<kw name="Set Selenium Implicit Wait" library="SeleniumLibrary">
<arg>5 seconds</arg>
<doc>Sets the implicit wait value used by Selenium.</doc>
<status status="PASS" starttime="20250416 11:44:54.006" endtime="20250416 11:44:54.006"/>
</kw>
<kw name="Create Session" library="RequestsLibrary">
<arg>employee_api</arg>
<arg>${BASE_URL}</arg>
<arg>verify=True</arg>
<arg>disable_warnings=1</arg>
<doc>Create Session: create a HTTP session to a server</doc>
<msg timestamp="20250416 11:44:54.006" level="INFO">Creating Session using : alias=employee_api, url=http://localhost:8081, headers={},                     cookies={}, auth=None, timeout=None, proxies=None, verify=True,                     debug=0 </msg>
<status status="PASS" starttime="20250416 11:44:54.006" endtime="20250416 11:44:54.006"/>
</kw>
<kw name="Open Browser" library="SeleniumLibrary">
<arg>${FRONTEND_URL}</arg>
<arg>${BROWSER}</arg>
<doc>Opens a new browser instance to the optional ``url``.</doc>
<msg timestamp="20250416 11:44:54.007" level="INFO">Opening browser 'edge' to base url 'http://localhost:8081'.</msg>
<status status="PASS" starttime="20250416 11:44:54.007" endtime="20250416 11:44:56.962"/>
</kw>
<kw name="Maximize Browser Window" library="SeleniumLibrary">
<doc>Maximizes current browser window.</doc>
<status status="PASS" starttime="20250416 11:44:56.962" endtime="20250416 11:44:57.277"/>
</kw>
<kw name="Set Window Size" library="SeleniumLibrary">
<arg>1920</arg>
<arg>1080</arg>
<doc>Sets current windows size to given ``width`` and ``height``.</doc>
<status status="PASS" starttime="20250416 11:44:57.278" endtime="20250416 11:44:57.918"/>
</kw>
<kw name="Sleep" library="BuiltIn">
<arg>1s</arg>
<doc>Pauses the test executed for the given time.</doc>
<msg timestamp="20250416 11:44:58.919" level="INFO">Slept 1 second</msg>
<status status="PASS" starttime="20250416 11:44:57.918" endtime="20250416 11:44:58.919"/>
</kw>
<kw name="Log" library="BuiltIn">
<arg>Starting test suite on ${BASE_URL}</arg>
<doc>Logs the given message with the given level.</doc>
<msg timestamp="20250416 11:44:58.919" level="INFO">Starting test suite on http://localhost:8081</msg>
<status status="PASS" starttime="20250416 11:44:58.919" endtime="20250416 11:44:58.920"/>
</kw>
<kw name="GET On Session" library="RequestsLibrary">
<var>${response}</var>
<arg>employee_api</arg>
<arg>/api/employees</arg>
<arg>expected_status=any</arg>
<doc>Sends a GET request on a previously created HTTP Session.</doc>
<msg timestamp="20250416 11:44:58.929" level="INFO">GET Request : url=http://localhost:8081/api/employees 
 path_url=/api/employees 
 headers={'User-Agent': 'python-requests/2.32.3', 'Accept-Encoding': 'gzip, deflate, zstd', 'Accept': '*/*', 'Connection': 'keep-alive'} 
 body=None 
 </msg>
<msg timestamp="20250416 11:44:58.929" level="INFO">GET Response : url=http://localhost:8081/api/employees 
 status=200, reason= 
 headers={'Content-Type': 'application/json', 'Transfer-Encoding': 'chunked', 'Date': 'Wed, 16 Apr 2025 06:14:58 GMT', 'Keep-Alive': 'timeout=60', 'Connection': 'keep-alive'} 
 body=[] 
 </msg>
<msg timestamp="20250416 11:44:58.929" level="INFO">${response} = &lt;Response [200]&gt;</msg>
<status status="PASS" starttime="20250416 11:44:58.920" endtime="20250416 11:44:58.929"/>
</kw>
<kw name="Log" library="BuiltIn">
<arg>API Response Status: ${response.status_code}</arg>
<doc>Logs the given message with the given level.</doc>
<msg timestamp="20250416 11:44:58.930" level="INFO">API Response Status: 200</msg>
<status status="PASS" starttime="20250416 11:44:58.929" endtime="20250416 11:44:58.930"/>
</kw>
<kw name="Run Keyword If" library="BuiltIn">
<arg>'${response.status_code}' != '200'</arg>
<arg>Fatal Error</arg>
<arg>API not responding correctly</arg>
<doc>Runs the given keyword with the given arguments, if ``condition`` is true.</doc>
<status status="PASS" starttime="20250416 11:44:58.930" endtime="20250416 11:44:58.931"/>
</kw>
<status status="PASS" starttime="20250416 11:44:54.005" endtime="20250416 11:44:58.931"/>
</kw>
<test id="s1-s1-t1" name="Verify Page Title" line="138">
<kw name="Go To" library="SeleniumLibrary">
<arg>${FRONTEND_URL}</arg>
<doc>Navigates the current browser window to the provided ``url``.</doc>
<msg timestamp="20250416 11:44:58.933" level="INFO">Opening url 'http://localhost:8081'</msg>
<status status="PASS" starttime="20250416 11:44:58.932" endtime="20250416 11:44:59.177"/>
</kw>
<kw name="Get Title" library="SeleniumLibrary">
<var>${title}</var>
<doc>Returns the title of the current page.</doc>
<msg timestamp="20250416 11:44:59.382" level="INFO">${title} = Employee Management</msg>
<status status="PASS" starttime="20250416 11:44:59.177" endtime="20250416 11:44:59.383"/>
</kw>
<kw name="Should Be Equal" library="BuiltIn">
<arg>${title}</arg>
<arg>Employee Management</arg>
<doc>Fails if the given objects are unequal.</doc>
<status status="PASS" starttime="20250416 11:44:59.383" endtime="20250416 11:44:59.383"/>
</kw>
<kw name="Title Should Be" library="SeleniumLibrary">
<arg>Employee Management</arg>
<doc>Verifies that the current page title equals ``title``.</doc>
<msg timestamp="20250416 11:44:59.589" level="INFO">Page title is 'Employee Management'.</msg>
<status status="PASS" starttime="20250416 11:44:59.383" endtime="20250416 11:44:59.589"/>
</kw>
<status status="PASS" starttime="20250416 11:44:58.931" endtime="20250416 11:44:59.590"/>
</test>
<test id="s1-s1-t2" name="Verify Navigation" line="144">
<kw name="Go To" library="SeleniumLibrary">
<arg>${FRONTEND_URL}</arg>
<doc>Navigates the current browser window to the provided ``url``.</doc>
<msg timestamp="20250416 11:44:59.594" level="INFO">Opening url 'http://localhost:8081'</msg>
<status status="PASS" starttime="20250416 11:44:59.593" endtime="20250416 11:44:59.887"/>
</kw>
<kw name="Wait Until Element Is Visible" library="SeleniumLibrary">
<arg>${NAVBAR_BRAND}</arg>
<doc>Waits until the element ``locator`` is visible.</doc>
<status status="PASS" starttime="20250416 11:44:59.887" endtime="20250416 11:45:00.326"/>
</kw>
<kw name="Element Text Should Be" library="SeleniumLibrary">
<arg>${NAVBAR_BRAND}</arg>
<arg>Employee Management</arg>
<doc>Verifies that element ``locator`` contains exact the text ``expected``.</doc>
<msg timestamp="20250416 11:45:00.327" level="INFO">Verifying element 'css:.navbar-brand' contains exact text 'Employee Management'.</msg>
<status status="PASS" starttime="20250416 11:45:00.326" endtime="20250416 11:45:00.766"/>
</kw>
<kw name="Element Should Be Visible" library="SeleniumLibrary">
<arg>${ADD_EMPLOYEE_NAV}</arg>
<doc>Verifies that the element identified by ``locator`` is visible.</doc>
<msg timestamp="20250416 11:45:01.198" level="INFO">Element 'id:addEmployeeNav' is displayed.</msg>
<status status="PASS" starttime="20250416 11:45:00.767" endtime="20250416 11:45:01.198"/>
</kw>
<kw name="Element Should Be Visible" library="SeleniumLibrary">
<arg>${EMPLOYEE_LIST_NAV}</arg>
<doc>Verifies that the element identified by ``locator`` is visible.</doc>
<msg timestamp="20250416 11:45:01.624" level="INFO">Element 'id:employeeListNav' is displayed.</msg>
<status status="PASS" starttime="20250416 11:45:01.199" endtime="20250416 11:45:01.625"/>
</kw>
<kw name="Element Text Should Be" library="SeleniumLibrary">
<arg>${ADD_EMPLOYEE_NAV}</arg>
<arg>Add Employee</arg>
<doc>Verifies that element ``locator`` contains exact the text ``expected``.</doc>
<msg timestamp="20250416 11:45:01.626" level="INFO">Verifying element 'id:addEmployeeNav' contains exact text 'Add Employee'.</msg>
<status status="PASS" starttime="20250416 11:45:01.625" endtime="20250416 11:45:02.061"/>
</kw>
<kw name="Element Text Should Be" library="SeleniumLibrary">
<arg>${EMPLOYEE_LIST_NAV}</arg>
<arg>Employee List</arg>
<doc>Verifies that element ``locator`` contains exact the text ``expected``.</doc>
<msg timestamp="20250416 11:45:02.062" level="INFO">Verifying element 'id:employeeListNav' contains exact text 'Employee List'.</msg>
<status status="PASS" starttime="20250416 11:45:02.061" endtime="20250416 11:45:02.493"/>
</kw>
<status status="PASS" starttime="20250416 11:44:59.592" endtime="20250416 11:45:02.494"/>
</test>
<kw name="Close All Browsers" library="SeleniumLibrary" type="TEARDOWN">
<doc>Closes all open browsers and resets the browser cache.</doc>
<status status="PASS" starttime="20250416 11:45:02.495" endtime="20250416 11:45:04.814"/>
</kw>
<status status="PASS" starttime="20250416 11:44:52.732" endtime="20250416 11:45:04.814"/>
</suite>
<status status="PASS" starttime="20250416 11:44:52.704" endtime="20250416 11:45:04.816"/>
</suite>
<statistics>
<total>
<stat pass="2" fail="0" skip="0">All Tests</stat>
</total>
<tag>
</tag>
<suite>
<stat pass="2" fail="0" skip="0" id="s1" name="Robotframework">Robotframework</stat>
<stat pass="2" fail="0" skip="0" id="s1-s1" name="Employee Tests">Robotframework.Employee Tests</stat>
</suite>
</statistics>
<errors>
</errors>
</robot>
